Arguments: 
  E:\Program Files\nodejs\node.exe F:\Program Files (x86)\Yarn\bin\yarn.js add -D @type/node

PATH: 
  C:\Program Files (x86)\Common Files\Intel\Shared Libraries\redist\intel64_win\compiler;C:\Program Files (x86)\Common Files\Intel\Shared Libraries\redist\intel64\compiler;C:\Program Files (x86)\Common Files\Oracle\Java\javapath;F:\Python27\;F:\Python27\Scripts;E:\Program Files (x86)\NetSarang\Xshell 6\;C:\Program Files (x86)\Razer Chroma SDK\bin;C:\Program Files\Razer Chroma SDK\bin;C:\Program Files (x86)\Razer\ChromaBroadcast\bin;C:\Program Files\Razer\ChromaBroadcast\bin;C:\Windows\system32;C:\Windows;C:\Windows\System32\Wbem;C:\Windows\System32\WindowsPowerShell\v1.0\;C:\Windows\System32\OpenSSH\;C:\Program Files (x86)\NVIDIA Corporation\PhysX\Common;C:\Users\Mloong\AppData\Local\Microsoft\WindowsApps;C:\ProgramData\chocolatey\bin;e:\Program Files\Git\cmd;C:\Program Files\NVIDIA Corporation\NVIDIA NvDLISR;C:\WINDOWS\system32;C:\WINDOWS;C:\WINDOWS\System32\Wbem;C:\WINDOWS\System32\WindowsPowerShell\v1.0\;C:\WINDOWS\System32\OpenSSH\;C:\Users\Mloong\AppData\Local\Yarn\bin;C:\Users\Mloong\AppData\Local\Android\Sdk\platform-tools;E:\Program Files\nodejs\;F:\Program Files (x86)\PuTTY\;F:\Program Files (x86)\Yarn\bin\;C:\Program Files\MySQL\MySQL Shell 8.0\bin\;e:\Program Files\nodejs\node_global;C:\Users\Mloong\AppData\Roaming\npm;C:\Users\Mloong\AppData\Local\Programs\Microsoft VS Code\bin;C:\Users\Mloong\AppData\Local\Yarn\bin

Yarn version: 
  1.22.0

Node version: 
  13.2.0

Platform: 
  win32 x64

Trace: 
  Error: https://registry.npm.taobao.org/@type%2fnode: Not found
      at Request.params.callback [as _callback] (F:\Program Files (x86)\Yarn\lib\cli.js:66084:18)
      at Request.self.callback (F:\Program Files (x86)\Yarn\lib\cli.js:140727:22)
      at Request.emit (events.js:210:5)
      at Request.<anonymous> (F:\Program Files (x86)\Yarn\lib\cli.js:141699:10)
      at Request.emit (events.js:210:5)
      at IncomingMessage.<anonymous> (F:\Program Files (x86)\Yarn\lib\cli.js:141621:12)
      at Object.onceWrapper (events.js:299:28)
      at IncomingMessage.emit (events.js:215:7)
      at endReadableNT (_stream_readable.js:1200:12)
      at processTicksAndRejections (internal/process/task_queues.js:80:21)

npm manifest: 
  {
    "name": "server",
    "version": "1.0.0",
    "main": "index.js",
    "license": "MIT",
    "scripts": {
      "build": "rd /s /q dist & tsc",
      "start": "nodemon --watch src -e ts --exex ts-node src/index.ts"
    }
  }

yarn manifest: 
  No manifest

Lockfile: 
  No lockfile
